=== Environment ===
mpmath version = mpmath==1.3.0, mp.dps = 90

=== Inputs ===
q=10, eta=0.0545, nu=0.2859
CDMR=102.0, c1=0.001506288700915, Cmin=4000000000000.0, Cmaj=510 (fixed, see Cor. of prop:maj), xAP=4050.0

=== Derived (selected) ===
sigma = 2.87228132326901432992531
c4 = log(q)/6 = 0.383764182165674280669665
C0 = 0.517456838470047930249583
C1_alpha = 459.736004048485317245513
RHS_major = 0.205492299300492994671315
RHS_minor = 0.000878172219232876045603911

=== Thresholds (Y = log x) ===
       Y41: 42.3516642213630210444858398957
       Y42: 23668.7206440337449476690928756
      Y43*: 6.26726693843554875571660862979e+31
       Y45: 3535378622.06142748147031106525
       Y47: 3.61351138481116010480053920878e+31
   Y_major: 7.44173607823517883125462484189e+31
   Y_minor: 7.58771785933830113961905847915e+31
      Y_AP: 8.3064721601005848241997317356
      c43*: 0.0000191298139723590447409436998584

Y_required = 75877178593383011396190584791497.09861773
M = ceil((9/2)*Y/log10 + 9/2) = 148288679844722033445044981196451.0

=== x43* details (L-thresholds from the CF-comparison proof) ===
   L45: 1535395427
   L0*: 2814317862
   L1*: 2814317862
   L2*: 12381999459
   L3*: 12381999459
   L4*: 27218394479772459153335450094906
    L*: 27218394479772459153335450094906

Diagnostic: at L=floor(Y_major/log q)=32319049145578841000251836570464, D(L)=1216102
